<?xml version="1.0" encoding="UTF-8"?>
<!-- Generated by org.testng.reporters.JUnitXMLReporter -->
<testsuite ignored="0" hostname="DESKTOP-207DE06" failures="3" tests="18" name="Admin Login Tests" time="79.155" errors="0" timestamp="2025-05-10T08:41:12 EEST">
  <testcase classname="com.example.RoomManagement" name="@AfterClass closeReport" time="0.007">
    <failure type="java.lang.NullPointerException" message="Cannot invoke &amp;quot;com.aventstack.extentreports.ExtentReports.flush()&amp;quot; because &amp;quot;this.report&amp;quot; is null">
      <![CDATA[java.lang.NullPointerException: Cannot invoke "com.aventstack.extentreports.ExtentReports.flush()" because "this.report" is null
at com.example.RoomManagement.closeReport(RoomManagement.java:200)
at java.base/java.util.ArrayList.forEach(ArrayList.java:1604)
... Removed 28 stack frames]]>
    </failure>
  </testcase> <!-- @AfterClass closeReport -->
  <testcase classname="com.example.RoomManagement" name="@AfterClass teardown" time="0.0">
    <skipped/>
  </testcase> <!-- @AfterClass teardown -->
  <testcase classname="com.example.LoginTest" name="testAdminLogin" time="2.249"/>
  <testcase classname="com.example.LoginTest" name="testAdminLogin" time="2.359"/>
  <testcase classname="com.example.LoginTest" name="testAdminLogin" time="2.289"/>
  <testcase classname="com.example.LoginTest" name="testAdminLogin" time="2.286"/>
  <testcase classname="com.example.ContactFormTest" name="testContactForm" time="2.363"/>
  <testcase classname="com.example.ContactFormTest" name="testContactForm" time="3.84"/>
  <testcase classname="com.example.ContactFormTest" name="testContactForm" time="3.951"/>
  <testcase classname="com.example.ContactFormTest" name="testContactForm" time="4.031"/>
  <testcase classname="com.example.ContactFormTest" name="testContactForm" time="6.364">
    <failure type="java.lang.AssertionError" message="Expected validation errors not displayed for invalid submission expected [true] but found [false]">
      <![CDATA[java.lang.AssertionError: Expected validation errors not displayed for invalid submission expected [true] but found [false]
at com.example.ContactFormTest.verifyFormSubmission(ContactFormTest.java:141)
at com.example.ContactFormTest.testContactForm(ContactFormTest.java:58)
at java.base/java.util.ArrayList.forEach(ArrayList.java:1604)
... Removed 32 stack frames]]>
    </failure>
  </testcase> <!-- testContactForm -->
  <testcase classname="com.example.ContactFormTest" name="testContactForm" time="4.159"/>
  <testcase classname="com.example.ContactFormTest" name="testContactForm" time="4.022"/>
  <testcase classname="com.example.ContactFormTest" name="testContactForm" time="4.005"/>
  <testcase classname="com.example.ContactFormTest" name="testContactForm" time="4.004"/>
  <testcase classname="com.example.ContactFormTest" name="testContactForm" time="6.18">
    <failure type="java.lang.AssertionError" message="Expected validation errors not displayed for invalid submission expected [true] but found [false]">
      <![CDATA[java.lang.AssertionError: Expected validation errors not displayed for invalid submission expected [true] but found [false]
at com.example.ContactFormTest.verifyFormSubmission(ContactFormTest.java:141)
at com.example.ContactFormTest.testContactForm(ContactFormTest.java:58)
at java.base/java.util.ArrayList.forEach(ArrayList.java:1604)
... Removed 32 stack frames]]>
    </failure>
  </testcase> <!-- testContactForm -->
  <testcase classname="com.example.RoomManagement" name="TC12_addNewRoom" time="2.889"/>
  <testcase classname="com.example.RoomManagement" name="TC13_editRoom" time="2.086"/>
  <testcase classname="com.example.RoomManagement" name="TC14_deleteRoomByName" time="0.633">
    <failure type="java.lang.AssertionError" message="The room was not deleted successfully.">
      <![CDATA[java.lang.AssertionError: The room was not deleted successfully.
at com.example.RoomManagement.TC14_deleteRoomByName(RoomManagement.java:146)
at java.base/java.util.ArrayList.forEach(ArrayList.java:1604)
... Removed 30 stack frames]]>
    </failure>
  </testcase> <!-- TC14_deleteRoomByName -->
  <testcase classname="com.example.RoomManagement" name="TC15_addRoomWithMissingFields" time="0.326"/>
</testsuite> <!-- Admin Login Tests -->
