<html>
<head>
<title>TestNG:  Admin Login Tests</title>
<link href="../testng.css" rel="stylesheet" type="text/css" />
<link href="../my-testng.css" rel="stylesheet" type="text/css" />

<style type="text/css">
.log { display: none;} 
.stack-trace { display: none;} 
</style>
<script type="text/javascript">
<!--
function flip(e) {
  current = e.style.display;
  if (current == 'block') {
    e.style.display = 'none';
    return 0;
  }
  else {
    e.style.display = 'block';
    return 1;
  }
}

function toggleBox(szDivId, elem, msg1, msg2)
{
  var res = -1;  if (document.getElementById) {
    res = flip(document.getElementById(szDivId));
  }
  else if (document.all) {
    // this is the way old msie versions work
    res = flip(document.all[szDivId]);
  }
  if(elem) {
    if(res == 0) elem.innerHTML = msg1; else elem.innerHTML = msg2;
  }

}

function toggleAllBoxes() {
  if (document.getElementsByTagName) {
    d = document.getElementsByTagName('div');
    for (i = 0; i < d.length; i++) {
      if (d[i].className == 'log') {
        flip(d[i]);
      }
    }
  }
}

// -->
</script>

</head>
<body>
<h2 align='center'>Admin Login Tests</h2><table border='1' align="center">
<tr>
<td>Tests passed/Failed/Skipped:</td><td>15/3/0</td>
</tr><tr>
<td>Started on:</td><td>Sat May 10 08:39:53 EEST 2025</td>
</tr>
<tr><td>Total time:</td><td>79 seconds (79155 ms)</td>
</tr><tr>
<td>Included groups:</td><td></td>
</tr><tr>
<td>Excluded groups:</td><td></td>
</tr>
</table><p/>
<small><i>(Hover the method name to see the test class name)</i></small><p/>
<table width='100%' border='1' class='invocation-failed'>
<tr><td colspan='4' align='center'><b>FAILED CONFIGURATIONS</b></td></tr>
<tr><td><b>Test method</b></td>
<td><b>Attribute(s)</b></td>
<td width="30%"><b>Exception</b></td>
<td width="10%"><b>Time (seconds)</b></td>
<td><b>Instance</b></td>
</tr>
<tr>
<td title='com.example.RoomManagement.closeReport()'><b>closeReport</b><br>Test class: com.example.RoomManagement</td>
<td><div><pre>java.lang.NullPointerException: Cannot invoke &quot;com.aventstack.extentreports.ExtentReports.flush()&quot; because &quot;this.report&quot; is null
	at com.example.RoomManagement.closeReport(RoomManagement.java:200)
	at java.base/java.util.ArrayList.forEach(ArrayList.java:1604)
... Removed 28 stack frames</pre></div><a href='#' onClick='toggleBox("stack-trace1559426518", this, "Click to show all stack frames", "Click to hide stack frames")'>Click to show all stack frames</a>
<div class='stack-trace' id='stack-trace1559426518'><pre>java.lang.NullPointerException: Cannot invoke &quot;com.aventstack.extentreports.ExtentReports.flush()&quot; because &quot;this.report&quot; is null
	at com.example.RoomManagement.closeReport(RoomManagement.java:200)
	at java.base/jdk.internal.reflect.DirectMethodHandleAccessor.invoke(DirectMethodHandleAccessor.java:104)
	at java.base/java.lang.reflect.Method.invoke(Method.java:565)
	at org.testng.internal.invokers.MethodInvocationHelper.invokeMethod(MethodInvocationHelper.java:139)
	at org.testng.internal.invokers.MethodInvocationHelper.invokeMethodConsideringTimeout(MethodInvocationHelper.java:69)
	at org.testng.internal.invokers.ConfigInvoker.invokeConfigurationMethod(ConfigInvoker.java:393)
	at org.testng.internal.invokers.ConfigInvoker.invokeConfigurations(ConfigInvoker.java:326)
	at org.testng.internal.invokers.TestMethodWorker.invokeAfterClassConfigurations(TestMethodWorker.java:229)
	at org.testng.internal.invokers.TestMethodWorker.invokeAfterClassMethods(TestMethodWorker.java:215)
	at org.testng.internal.invokers.TestMethodWorker.run(TestMethodWorker.java:131)
	at java.base/java.util.ArrayList.forEach(ArrayList.java:1604)
	at org.testng.TestRunner.privateRun(TestRunner.java:819)
	at org.testng.TestRunner.run(TestRunner.java:619)
	at org.testng.SuiteRunner.runTest(SuiteRunner.java:443)
	at org.testng.SuiteRunner.runSequentially(SuiteRunner.java:437)
	at org.testng.SuiteRunner.privateRun(SuiteRunner.java:397)
	at org.testng.SuiteRunner.run(SuiteRunner.java:336)
	at org.testng.SuiteRunnerWorker.runSuite(SuiteRunnerWorker.java:52)
	at org.testng.SuiteRunnerWorker.run(SuiteRunnerWorker.java:95)
	at org.testng.TestNG.runSuitesSequentially(TestNG.java:1301)
	at org.testng.TestNG.runSuitesLocally(TestNG.java:1228)
	at org.testng.TestNG.runSuites(TestNG.java:1134)
	at org.testng.TestNG.run(TestNG.java:1101)
	at org.apache.maven.surefire.testng.TestNGExecutor.run(TestNGExecutor.java:308)
	at org.apache.maven.surefire.testng.TestNGXmlTestSuite.execute(TestNGXmlTestSuite.java:71)
	at org.apache.maven.surefire.testng.TestNGProvider.invoke(TestNGProvider.java:113)
	at org.apache.maven.surefire.booter.ForkedBooter.runSuitesInProcess(ForkedBooter.java:385)
	at org.apache.maven.surefire.booter.ForkedBooter.execute(ForkedBooter.java:162)
	at org.apache.maven.surefire.booter.ForkedBooter.run(ForkedBooter.java:507)
	at org.apache.maven.surefire.booter.ForkedBooter.main(ForkedBooter.java:495)
</pre></div></td>
<td>0</td>
<td>com.example.RoomManagement@cd3fee8</td></tr>
</table><p>
<table width='100%' border='1' class='invocation-skipped'>
<tr><td colspan='4' align='center'><b>SKIPPED CONFIGURATIONS</b></td></tr>
<tr><td><b>Test method</b></td>
<td><b>Attribute(s)</b></td>
<td width="30%"><b>Exception</b></td>
<td width="10%"><b>Time (seconds)</b></td>
<td><b>Instance</b></td>
</tr>
<tr>
<td title='com.example.RoomManagement.teardown()'><b>teardown</b><br>Test class: com.example.RoomManagement</td>
<td></td>
<td>0</td>
<td>com.example.RoomManagement@cd3fee8</td></tr>
</table><p>
<table width='100%' border='1' class='invocation-failed'>
<tr><td colspan='4' align='center'><b>FAILED TESTS</b></td></tr>
<tr><td><b>Test method</b></td>
<td><b>Attribute(s)</b></td>
<td width="30%"><b>Exception</b></td>
<td width="10%"><b>Time (seconds)</b></td>
<td><b>Instance</b></td>
</tr>
<tr>
<td title='com.example.RoomManagement.TC14_deleteRoomByName()'><b>TC14_deleteRoomByName</b><br>Test class: com.example.RoomManagement</td>
<td><div><pre>java.lang.AssertionError: The room was not deleted successfully.
	at com.example.RoomManagement.TC14_deleteRoomByName(RoomManagement.java:146)
	at java.base/java.util.ArrayList.forEach(ArrayList.java:1604)
... Removed 30 stack frames</pre></div><a href='#' onClick='toggleBox("stack-trace1652214584", this, "Click to show all stack frames", "Click to hide stack frames")'>Click to show all stack frames</a>
<div class='stack-trace' id='stack-trace1652214584'><pre>java.lang.AssertionError: The room was not deleted successfully.
	at org.testng.Assert.fail(Assert.java:111)
	at com.example.RoomManagement.TC14_deleteRoomByName(RoomManagement.java:146)
	at java.base/jdk.internal.reflect.DirectMethodHandleAccessor.invoke(DirectMethodHandleAccessor.java:104)
	at java.base/java.lang.reflect.Method.invoke(Method.java:565)
	at org.testng.internal.invokers.MethodInvocationHelper.invokeMethod(MethodInvocationHelper.java:139)
	at org.testng.internal.invokers.TestInvoker.invokeMethod(TestInvoker.java:664)
	at org.testng.internal.invokers.TestInvoker.invokeTestMethod(TestInvoker.java:228)
	at org.testng.internal.invokers.MethodRunner.runInSequence(MethodRunner.java:63)
	at org.testng.internal.invokers.TestInvoker$MethodInvocationAgent.invoke(TestInvoker.java:961)
	at org.testng.internal.invokers.TestInvoker.invokeTestMethods(TestInvoker.java:201)
	at org.testng.internal.invokers.TestMethodWorker.invokeTestMethods(TestMethodWorker.java:148)
	at org.testng.internal.invokers.TestMethodWorker.run(TestMethodWorker.java:128)
	at java.base/java.util.ArrayList.forEach(ArrayList.java:1604)
	at org.testng.TestRunner.privateRun(TestRunner.java:819)
	at org.testng.TestRunner.run(TestRunner.java:619)
	at org.testng.SuiteRunner.runTest(SuiteRunner.java:443)
	at org.testng.SuiteRunner.runSequentially(SuiteRunner.java:437)
	at org.testng.SuiteRunner.privateRun(SuiteRunner.java:397)
	at org.testng.SuiteRunner.run(SuiteRunner.java:336)
	at org.testng.SuiteRunnerWorker.runSuite(SuiteRunnerWorker.java:52)
	at org.testng.SuiteRunnerWorker.run(SuiteRunnerWorker.java:95)
	at org.testng.TestNG.runSuitesSequentially(TestNG.java:1301)
	at org.testng.TestNG.runSuitesLocally(TestNG.java:1228)
	at org.testng.TestNG.runSuites(TestNG.java:1134)
	at org.testng.TestNG.run(TestNG.java:1101)
	at org.apache.maven.surefire.testng.TestNGExecutor.run(TestNGExecutor.java:308)
	at org.apache.maven.surefire.testng.TestNGXmlTestSuite.execute(TestNGXmlTestSuite.java:71)
	at org.apache.maven.surefire.testng.TestNGProvider.invoke(TestNGProvider.java:113)
	at org.apache.maven.surefire.booter.ForkedBooter.runSuitesInProcess(ForkedBooter.java:385)
	at org.apache.maven.surefire.booter.ForkedBooter.execute(ForkedBooter.java:162)
	at org.apache.maven.surefire.booter.ForkedBooter.run(ForkedBooter.java:507)
	at org.apache.maven.surefire.booter.ForkedBooter.main(ForkedBooter.java:495)
</pre></div></td>
<td>0</td>
<td>com.example.RoomManagement@cd3fee8</td></tr>
<tr>
<td title='com.example.ContactFormTest.testContactForm()'><b>testContactForm</b><br>Test class: com.example.ContactFormTest<br>Parameters: Ali mohamed, ali@gmail.com, 1234567890123456, Room Inquiry, Test message for testing contact form page, false, Field Validation - Phone too long</td>
<td><div><pre>java.lang.AssertionError: Expected validation errors not displayed for invalid submission expected [true] but found [false]
	at com.example.ContactFormTest.verifyFormSubmission(ContactFormTest.java:141)
	at com.example.ContactFormTest.testContactForm(ContactFormTest.java:58)
	at java.base/java.util.ArrayList.forEach(ArrayList.java:1604)
... Removed 32 stack frames</pre></div><a href='#' onClick='toggleBox("stack-trace1268261468", this, "Click to show all stack frames", "Click to hide stack frames")'>Click to show all stack frames</a>
<div class='stack-trace' id='stack-trace1268261468'><pre>java.lang.AssertionError: Expected validation errors not displayed for invalid submission expected [true] but found [false]
	at org.testng.Assert.fail(Assert.java:111)
	at org.testng.Assert.failNotEquals(Assert.java:1578)
	at org.testng.Assert.assertTrue(Assert.java:57)
	at com.example.ContactFormTest.verifyFormSubmission(ContactFormTest.java:141)
	at com.example.ContactFormTest.testContactForm(ContactFormTest.java:58)
	at java.base/jdk.internal.reflect.DirectMethodHandleAccessor.invoke(DirectMethodHandleAccessor.java:104)
	at java.base/java.lang.reflect.Method.invoke(Method.java:565)
	at org.testng.internal.invokers.MethodInvocationHelper.invokeMethod(MethodInvocationHelper.java:139)
	at org.testng.internal.invokers.TestInvoker.invokeMethod(TestInvoker.java:664)
	at org.testng.internal.invokers.TestInvoker.invokeTestMethod(TestInvoker.java:228)
	at org.testng.internal.invokers.MethodRunner.runInSequence(MethodRunner.java:63)
	at org.testng.internal.invokers.TestInvoker$MethodInvocationAgent.invoke(TestInvoker.java:961)
	at org.testng.internal.invokers.TestInvoker.invokeTestMethods(TestInvoker.java:201)
	at org.testng.internal.invokers.TestMethodWorker.invokeTestMethods(TestMethodWorker.java:148)
	at org.testng.internal.invokers.TestMethodWorker.run(TestMethodWorker.java:128)
	at java.base/java.util.ArrayList.forEach(ArrayList.java:1604)
	at org.testng.TestRunner.privateRun(TestRunner.java:819)
	at org.testng.TestRunner.run(TestRunner.java:619)
	at org.testng.SuiteRunner.runTest(SuiteRunner.java:443)
	at org.testng.SuiteRunner.runSequentially(SuiteRunner.java:437)
	at org.testng.SuiteRunner.privateRun(SuiteRunner.java:397)
	at org.testng.SuiteRunner.run(SuiteRunner.java:336)
	at org.testng.SuiteRunnerWorker.runSuite(SuiteRunnerWorker.java:52)
	at org.testng.SuiteRunnerWorker.run(SuiteRunnerWorker.java:95)
	at org.testng.TestNG.runSuitesSequentially(TestNG.java:1301)
	at org.testng.TestNG.runSuitesLocally(TestNG.java:1228)
	at org.testng.TestNG.runSuites(TestNG.java:1134)
	at org.testng.TestNG.run(TestNG.java:1101)
	at org.apache.maven.surefire.testng.TestNGExecutor.run(TestNGExecutor.java:308)
	at org.apache.maven.surefire.testng.TestNGXmlTestSuite.execute(TestNGXmlTestSuite.java:71)
	at org.apache.maven.surefire.testng.TestNGProvider.invoke(TestNGProvider.java:113)
	at org.apache.maven.surefire.booter.ForkedBooter.runSuitesInProcess(ForkedBooter.java:385)
	at org.apache.maven.surefire.booter.ForkedBooter.execute(ForkedBooter.java:162)
	at org.apache.maven.surefire.booter.ForkedBooter.run(ForkedBooter.java:507)
	at org.apache.maven.surefire.booter.ForkedBooter.main(ForkedBooter.java:495)
</pre></div></td>
<td>6</td>
<td>com.example.ContactFormTest@3c130745</td></tr>
<tr>
<td title='com.example.ContactFormTest.testContactForm()'><b>testContactForm</b><br>Test class: com.example.ContactFormTest<br>Parameters: Ali mohamed, ali@domain, 01234567890, Room Inquiry, Test message for testing contact form page, false, TC07 - Invalid email (no @)</td>
<td><div><pre>java.lang.AssertionError: Expected validation errors not displayed for invalid submission expected [true] but found [false]
	at com.example.ContactFormTest.verifyFormSubmission(ContactFormTest.java:141)
	at com.example.ContactFormTest.testContactForm(ContactFormTest.java:58)
	at java.base/java.util.ArrayList.forEach(ArrayList.java:1604)
... Removed 32 stack frames</pre></div><a href='#' onClick='toggleBox("stack-trace1868366224", this, "Click to show all stack frames", "Click to hide stack frames")'>Click to show all stack frames</a>
<div class='stack-trace' id='stack-trace1868366224'><pre>java.lang.AssertionError: Expected validation errors not displayed for invalid submission expected [true] but found [false]
	at org.testng.Assert.fail(Assert.java:111)
	at org.testng.Assert.failNotEquals(Assert.java:1578)
	at org.testng.Assert.assertTrue(Assert.java:57)
	at com.example.ContactFormTest.verifyFormSubmission(ContactFormTest.java:141)
	at com.example.ContactFormTest.testContactForm(ContactFormTest.java:58)
	at java.base/jdk.internal.reflect.DirectMethodHandleAccessor.invoke(DirectMethodHandleAccessor.java:104)
	at java.base/java.lang.reflect.Method.invoke(Method.java:565)
	at org.testng.internal.invokers.MethodInvocationHelper.invokeMethod(MethodInvocationHelper.java:139)
	at org.testng.internal.invokers.TestInvoker.invokeMethod(TestInvoker.java:664)
	at org.testng.internal.invokers.TestInvoker.invokeTestMethod(TestInvoker.java:228)
	at org.testng.internal.invokers.MethodRunner.runInSequence(MethodRunner.java:63)
	at org.testng.internal.invokers.TestInvoker$MethodInvocationAgent.invoke(TestInvoker.java:961)
	at org.testng.internal.invokers.TestInvoker.invokeTestMethods(TestInvoker.java:201)
	at org.testng.internal.invokers.TestMethodWorker.invokeTestMethods(TestMethodWorker.java:148)
	at org.testng.internal.invokers.TestMethodWorker.run(TestMethodWorker.java:128)
	at java.base/java.util.ArrayList.forEach(ArrayList.java:1604)
	at org.testng.TestRunner.privateRun(TestRunner.java:819)
	at org.testng.TestRunner.run(TestRunner.java:619)
	at org.testng.SuiteRunner.runTest(SuiteRunner.java:443)
	at org.testng.SuiteRunner.runSequentially(SuiteRunner.java:437)
	at org.testng.SuiteRunner.privateRun(SuiteRunner.java:397)
	at org.testng.SuiteRunner.run(SuiteRunner.java:336)
	at org.testng.SuiteRunnerWorker.runSuite(SuiteRunnerWorker.java:52)
	at org.testng.SuiteRunnerWorker.run(SuiteRunnerWorker.java:95)
	at org.testng.TestNG.runSuitesSequentially(TestNG.java:1301)
	at org.testng.TestNG.runSuitesLocally(TestNG.java:1228)
	at org.testng.TestNG.runSuites(TestNG.java:1134)
	at org.testng.TestNG.run(TestNG.java:1101)
	at org.apache.maven.surefire.testng.TestNGExecutor.run(TestNGExecutor.java:308)
	at org.apache.maven.surefire.testng.TestNGXmlTestSuite.execute(TestNGXmlTestSuite.java:71)
	at org.apache.maven.surefire.testng.TestNGProvider.invoke(TestNGProvider.java:113)
	at org.apache.maven.surefire.booter.ForkedBooter.runSuitesInProcess(ForkedBooter.java:385)
	at org.apache.maven.surefire.booter.ForkedBooter.execute(ForkedBooter.java:162)
	at org.apache.maven.surefire.booter.ForkedBooter.run(ForkedBooter.java:507)
	at org.apache.maven.surefire.booter.ForkedBooter.main(ForkedBooter.java:495)
</pre></div></td>
<td>6</td>
<td>com.example.ContactFormTest@3c130745</td></tr>
</table><p>
<table width='100%' border='1' class='invocation-passed'>
<tr><td colspan='4' align='center'><b>PASSED TESTS</b></td></tr>
<tr><td><b>Test method</b></td>
<td><b>Attribute(s)</b></td>
<td width="30%"><b>Exception</b></td>
<td width="10%"><b>Time (seconds)</b></td>
<td><b>Instance</b></td>
</tr>
<tr>
<td title='com.example.RoomManagement.TC15_addRoomWithMissingFields()'><b>TC15_addRoomWithMissingFields</b><br>Test class: com.example.RoomManagement</td>
<td></td>
<td>0</td>
<td>com.example.RoomManagement@cd3fee8</td></tr>
<tr>
<td title='com.example.ContactFormTest.testContactForm()'><b>testContactForm</b><br>Test class: com.example.ContactFormTest<br>Parameters: Ali mohamed, ali@gmail.com, 01234567890, Room Inquiry, Test message for testing contact form page, true, TC05 - Valid form</td>
<td></td>
<td>2</td>
<td>com.example.ContactFormTest@3c130745</td></tr>
<tr>
<td title='com.example.ContactFormTest.testContactForm()'><b>testContactForm</b><br>Test class: com.example.ContactFormTest<br>Parameters: , ali@gmail.com, 01234567890, Room Inquiry, Test message for testing contact form page, false, TC06 - Missing name</td>
<td></td>
<td>3</td>
<td>com.example.ContactFormTest@3c130745</td></tr>
<tr>
<td title='com.example.ContactFormTest.testContactForm()'><b>testContactForm</b><br>Test class: com.example.ContactFormTest<br>Parameters: Ali@Doe, ali@gmail.com, 1234567890, Room Inquiry, Test message for testing contact form page, false, Field Validation - Name with special chars</td>
<td></td>
<td>4</td>
<td>com.example.ContactFormTest@3c130745</td></tr>
<tr>
<td title='com.example.ContactFormTest.testContactForm()'><b>testContactForm</b><br>Test class: com.example.ContactFormTest<br>Parameters: Ali mohamed, ali@gmail.com, , Room Inquiry, Test message for testing contact form page, false, TC06 - Missing phone</td>
<td></td>
<td>4</td>
<td>com.example.ContactFormTest@3c130745</td></tr>
<tr>
<td title='com.example.ContactFormTest.testContactForm()'><b>testContactForm</b><br>Test class: com.example.ContactFormTest<br>Parameters: Ali mohamed, ali@gmail.com, 123abc456, Room Inquiry, Test message for testing contact form page, false, Field Validation - Phone with letters</td>
<td></td>
<td>4</td>
<td>com.example.ContactFormTest@3c130745</td></tr>
<tr>
<td title='com.example.LoginTest.testAdminLogin()'><b>testAdminLogin</b><br>Test class: com.example.LoginTest<br>Parameters: admin, password, true</td>
<td></td>
<td>2</td>
<td>com.example.LoginTest@7adda9cc</td></tr>
<tr>
<td title='com.example.ContactFormTest.testContactForm()'><b>testContactForm</b><br>Test class: com.example.ContactFormTest<br>Parameters: Ali mohamed, ali@gmail.com, 12345, Room Inquiry, Test message for testing contact form page, false, Field Validation - Phone too short</td>
<td></td>
<td>4</td>
<td>com.example.ContactFormTest@3c130745</td></tr>
<tr>
<td title='com.example.LoginTest.testAdminLogin()'><b>testAdminLogin</b><br>Test class: com.example.LoginTest<br>Parameters: wrongadmin, password, false</td>
<td></td>
<td>2</td>
<td>com.example.LoginTest@7adda9cc</td></tr>
<tr>
<td title='com.example.ContactFormTest.testContactForm()'><b>testContactForm</b><br>Test class: com.example.ContactFormTest<br>Parameters: Ali mohamed, , 01234567890, Room Inquiry, Test message for testing contact form page, false, TC06 - Missing email</td>
<td></td>
<td>3</td>
<td>com.example.ContactFormTest@3c130745</td></tr>
<tr>
<td title='com.example.LoginTest.testAdminLogin()'><b>testAdminLogin</b><br>Test class: com.example.LoginTest<br>Parameters: admin, wrongpassword, false</td>
<td></td>
<td>2</td>
<td>com.example.LoginTest@7adda9cc</td></tr>
<tr>
<td title='com.example.RoomManagement.TC12_addNewRoom()'><b>TC12_addNewRoom</b><br>Test class: com.example.RoomManagement</td>
<td></td>
<td>2</td>
<td>com.example.RoomManagement@cd3fee8</td></tr>
<tr>
<td title='com.example.LoginTest.testAdminLogin()'><b>testAdminLogin</b><br>Test class: com.example.LoginTest<br>Parameters: , , false</td>
<td></td>
<td>2</td>
<td>com.example.LoginTest@7adda9cc</td></tr>
<tr>
<td title='com.example.ContactFormTest.testContactForm()'><b>testContactForm</b><br>Test class: com.example.ContactFormTest<br>Parameters: Ali123, ali@gmail.com, 1234567890, Room Inquiry, Test message for testing contact form page, false, Field Validation - Name with numbers</td>
<td></td>
<td>4</td>
<td>com.example.ContactFormTest@3c130745</td></tr>
<tr>
<td title='com.example.RoomManagement.TC13_editRoom()'><b>TC13_editRoom</b><br>Test class: com.example.RoomManagement</td>
<td></td>
<td>2</td>
<td>com.example.RoomManagement@cd3fee8</td></tr>
</table><p>
</body>
</html>